<?xml version="1.0" encoding="UTF-8"?>
<!-- Generated by org.testng.reporters.JUnitReportReporter -->
<testsuite skipped="0" hostname="DESKTOP-4FCALNC" name="runTest.RunnerPaperlust" tests="1" failures="0" timestamp="2022-03-23T21:33:40 ICT" time="125.633" errors="0">
  <testcase name="RunnerTest2" time="125.633" classname="runTest.RunnerPaperlust"/>
  <system-out/>
</testsuite> <!-- runTest.RunnerPaperlust -->
